Times: 1, start @ Fri Feb 13 09:25:33 CST 2015
 /dev/sda:
    Timing buffered disk reads: 139(128), PASS
 /dev/sdb:
    Timing buffered disk reads: 147(129), PASS
      [Total Times: 1, Total Fail: 0, 0:0:13 elapsed.]

Times: 2, start @ Fri Feb 13 09:25:46 CST 2015
 /dev/sda:
    Timing buffered disk reads: 129(128), PASS
 /dev/sdb:
    Timing buffered disk reads: 146(129), PASS
      [Total Times: 2, Total Fail: 0, 0:0:27 elapsed.]

Times: 3, start @ Fri Feb 13 09:26:00 CST 2015
 /dev/sda:
    Timing buffered disk reads: 139(128), PASS
 /dev/sdb:
    Timing buffered disk reads: 144(129), PASS
      [Total Times: 3, Total Fail: 0, 0:0:40 elapsed.]

Times: 4, start @ Fri Feb 13 09:26:13 CST 2015
 /dev/sda:
    Timing buffered disk reads: 139(128), PASS
 /dev/sdb:
    Timing buffered disk reads: 147(129), PASS
      [Total Times: 4, Total Fail: 0, 0:0:53 elapsed.]

Times: 5, start @ Fri Feb 13 09:26:26 CST 2015
 /dev/sda:
    Timing buffered disk reads: 140(128), PASS
 /dev/sdb:
    Timing buffered disk reads: 147(129), PASS
      [Total Times: 5, Total Fail: 0, 0:1:6 elapsed.]

Times: 6, start @ Fri Feb 13 09:26:39 CST 2015
 /dev/sda:
    Timing buffered disk reads: 138(128), PASS
 /dev/sdb:
Times: 6, start @ Wed Apr 22 15:11:30 CST 2015
 /dev/sda:
    Timing buffered disk reads: 138(128), PASS
      [Total Times: 6, Total Fail: 0, 0:0:6 elapsed.]

Times: 7, start @ Wed Apr 22 15:12:56 CST 2015
 /dev/sda:
    Timing buffered disk reads: 138(BUFFERED), PASS
      [Total Times: 7, Total Fail: 0, 0:0:6 elapsed.]

